<?xml version="1.0" encoding="UTF-8"?>
<!-- Generated by org.testng.reporters.JUnitReportReporter -->
<testsuite hostname="DESKTOP-QJ010BO" failures="0" tests="9" name="com.employeeapi.testcases.TC001_Get_All_Employees" time="0.098" errors="1" timestamp="2023-01-03T17:24:02 IST" skipped="0">
  <testcase classname="com.employeeapi.testcases.TC001_Get_All_Employees" name="checkContentCoding" time="0.028"/>
  <system-out/>
  <testcase classname="com.employeeapi.testcases.TC001_Get_All_Employees" name="checkContentType" time="0.028"/>
  <system-out/>
  <testcase classname="com.employeeapi.testcases.TC001_Get_All_Employees" name="checkServerType" time="0.003"/>
  <system-out/>
  <testcase classname="com.employeeapi.testcases.TC001_Get_All_Employees" name="checkResponseTime" time="0.010"/>
  <system-out/>
  <testcase classname="com.employeeapi.testcases.TC001_Get_All_Employees" name="checkResponseBody" time="0.012"/>
  <system-out/>
  <testcase classname="com.employeeapi.testcases.TC001_Get_All_Employees" name="checkCookies" time="0.005"/>
  <system-out/>
  <testcase classname="com.employeeapi.testcases.TC001_Get_All_Employees" name="checkStatusCode" time="0.004"/>
  <system-out/>
  <testcase classname="com.employeeapi.testcases.TC001_Get_All_Employees" name="checkContentLength" time="0.005">
    <error message="null" type="java.lang.NumberFormatException">
      <![CDATA[java.lang.NumberFormatException: null
at java.base/java.lang.Integer.parseInt(Integer.java:614)
at java.base/java.lang.Integer.parseInt(Integer.java:770)
at com.employeeapi.testcases.TC001_Get_All_Employees.checkContentLength(TC001_Get_All_Employees.java:109)
at java.base/jdk.internal.reflect.NativeMethodAccessorImpl.invoke0(Native Method)
at java.base/jdk.internal.reflect.NativeMethodAccessorImpl.invoke(NativeMethodAccessorImpl.java:64)
at java.base/jdk.internal.reflect.DelegatingMethodAccessorImpl.invoke(DelegatingMethodAccessorImpl.java:43)
at java.base/java.lang.reflect.Method.invoke(Method.java:564)
at org.testng.internal.invokers.MethodInvocationHelper.invokeMethod(MethodInvocationHelper.java:139)
at org.testng.internal.invokers.TestInvoker.invokeMethod(TestInvoker.java:677)
at org.testng.internal.invokers.TestInvoker.invokeTestMethod(TestInvoker.java:221)
at org.testng.internal.invokers.MethodRunner.runInSequence(MethodRunner.java:50)
at org.testng.internal.invokers.TestInvoker$MethodInvocationAgent.invoke(TestInvoker.java:962)
at org.testng.internal.invokers.TestInvoker.invokeTestMethods(TestInvoker.java:194)
at org.testng.internal.invokers.TestMethodWorker.invokeTestMethods(TestMethodWorker.java:148)
at org.testng.internal.invokers.TestMethodWorker.run(TestMethodWorker.java:128)
at java.base/java.util.ArrayList.forEach(ArrayList.java:1511)
at org.testng.TestRunner.privateRun(TestRunner.java:806)
at org.testng.TestRunner.run(TestRunner.java:601)
at org.testng.SuiteRunner.runTest(SuiteRunner.java:433)
at org.testng.SuiteRunner.runSequentially(SuiteRunner.java:427)
at org.testng.SuiteRunner.privateRun(SuiteRunner.java:387)
at org.testng.SuiteRunner.run(SuiteRunner.java:330)
at org.testng.SuiteRunnerWorker.runSuite(SuiteRunnerWorker.java:52)
at org.testng.SuiteRunnerWorker.run(SuiteRunnerWorker.java:95)
at org.testng.TestNG.runSuitesSequentially(TestNG.java:1256)
at org.testng.TestNG.runSuitesLocally(TestNG.java:1176)
at org.testng.TestNG.runSuites(TestNG.java:1099)
at org.testng.TestNG.run(TestNG.java:1067)
at org.testng.remote.AbstractRemoteTestNG.run(AbstractRemoteTestNG.java:115)
at org.testng.remote.RemoteTestNG.initAndRun(RemoteTestNG.java:251)
at org.testng.remote.RemoteTestNG.main(RemoteTestNG.java:77)
]]>
    </error>
  </testcase> <!-- checkContentLength -->
  <system-out/>
  <testcase classname="com.employeeapi.testcases.TC001_Get_All_Employees" name="checkStatusLine" time="0.003"/>
  <system-out/>
</testsuite> <!-- com.employeeapi.testcases.TC001_Get_All_Employees -->
