<?xml version="1.0" encoding="UTF-8"?>
<!-- Generated by org.testng.reporters.JUnitReportReporter -->
<testsuite hostname="DESKTOP-QJ010BO" failures="0" tests="6" name="com.employeeapi.testcases.TC005_Delete_Employee_Record" time="0.023" errors="0" timestamp="2023-01-03T17:24:02 IST" skipped="0">
  <testcase classname="com.employeeapi.testcases.TC005_Delete_Employee_Record" name="checkResponseBody" time="0.006"/>
  <system-out/>
  <testcase classname="com.employeeapi.testcases.TC005_Delete_Employee_Record" name="checkContentEncoding" time="0.003"/>
  <system-out/>
  <testcase classname="com.employeeapi.testcases.TC005_Delete_Employee_Record" name="checkServerType" time="0.004"/>
  <system-out/>
  <testcase classname="com.employeeapi.testcases.TC005_Delete_Employee_Record" name="checkStatusCode" time="0.003"/>
  <system-out/>
  <testcase classname="com.employeeapi.testcases.TC005_Delete_Employee_Record" name="checkContentType" time="0.003"/>
  <system-out/>
  <testcase classname="com.employeeapi.testcases.TC005_Delete_Employee_Record" name="checkStatusLine" time="0.004"/>
  <system-out/>
</testsuite> <!-- com.employeeapi.testcases.TC005_Delete_Employee_Record -->
