<?xml version="1.0" encoding="UTF-8"?>
<!-- Generated by org.testng.reporters.JUnitReportReporter -->
<testsuite hostname="DESKTOP-QJ010BO" failures="0" tests="7" name="com.employeeapi.testcases.TC002_Get_Single_Employee_Record" time="0.046" errors="0" timestamp="2023-01-03T17:24:02 IST" skipped="0">
  <testcase classname="com.employeeapi.testcases.TC002_Get_Single_Employee_Record" name="checkStatusLine" time="0.006"/>
  <system-out/>
  <testcase classname="com.employeeapi.testcases.TC002_Get_Single_Employee_Record" name="checkContentLength" time="0.006"/>
  <system-out/>
  <testcase classname="com.employeeapi.testcases.TC002_Get_Single_Employee_Record" name="checkContentType" time="0.005"/>
  <system-out/>
  <testcase classname="com.employeeapi.testcases.TC002_Get_Single_Employee_Record" name="checkResponseTime" time="0.015"/>
  <system-out/>
  <testcase classname="com.employeeapi.testcases.TC002_Get_Single_Employee_Record" name="checkServerType" time="0.003"/>
  <system-out/>
  <testcase classname="com.employeeapi.testcases.TC002_Get_Single_Employee_Record" name="checkStatuscode" time="0.002"/>
  <system-out/>
  <testcase classname="com.employeeapi.testcases.TC002_Get_Single_Employee_Record" name="checkResponseBody" time="0.009"/>
  <system-out/>
</testsuite> <!-- com.employeeapi.testcases.TC002_Get_Single_Employee_Record -->
